Arguments: 
  /usr/bin/node /usr/bin/yarn add typecript

PATH: 
  /usr/local/sbin:/usr/local/bin:/usr/bin:/usr/bin/site_perl:/usr/bin/vendor_perl:/usr/bin/core_perl

Yarn version: 
  1.19.2

Node version: 
  13.2.0

Platform: 
  linux x64

Trace: 
  Error: https://registry.yarnpkg.com/typecript: Not found
      at Request.params.callback [as _callback] (/usr/lib/node_modules/yarn/lib/cli.js:66927:18)
      at Request.self.callback (/usr/lib/node_modules/yarn/lib/cli.js:140586:22)
      at Request.emit (events.js:210:5)
      at Request.<anonymous> (/usr/lib/node_modules/yarn/lib/cli.js:141558:10)
      at Request.emit (events.js:210:5)
      at IncomingMessage.<anonymous> (/usr/lib/node_modules/yarn/lib/cli.js:141480:12)
      at Object.onceWrapper (events.js:299:28)
      at IncomingMessage.emit (events.js:215:7)
      at endReadableNT (_stream_readable.js:1200:12)
      at processTicksAndRejections (internal/process/task_queues.js:80:21)

npm manifest: 
  {
    "name": "@democracy-deutschland/bundestag.io-definitions",
    "version": "1.0.0",
    "description": "Definitions for Bundestag-Strings",
    "main": "./dist/index.js",
    "repository": "https://github.com/demokratie-live/bundestag.io-definitions.git",
    "author": "Ulf Gebhardt <ulf.gebhardt@webcraft-media.de>",
    "license": "Apache-2.0",
    "private": false,
    "scripts": {
      "build": "tsc",
      "link": "cd dist && npm link",
      "dev": "nodemon ./src/run.ts",
      "start": "node ./dist/run.js",
      "inspect": "node --inspect-brk ./dist/run.js",
      "lint": "tslint --project tsconfig.json && yarn typecheck",
      "typecheck": "tsc --noEmit",
      "test": "mocha -r ts-node/register src/**/*.test.ts",
      "prepare": "yarn build"
    }
  }

yarn manifest: 
  No manifest

Lockfile: 
  # THIS IS AN AUTOGENERATED FILE. DO NOT EDIT THIS FILE DIRECTLY.
  # yarn lockfile v1
